[2026-03-02T11:11:05.346Z] === STEP 1: Preparing workspace ===
[2026-03-02T11:11:05.346Z] Copying template from /Users/furkanbesirli/Projects/mobile/com-umingleapp-aab/android to /Users/furkanbesirli/Projects/mobile/com-umingleapp-aab/builder/workspaces/69a57048f8efeb82e1289abc/android
[2026-03-02T11:11:05.394Z] Template copied successfully
[2026-03-02T11:11:05.394Z] === STEP 2: Applying parameters ===
[2026-03-02T11:11:05.394Z] Setting applicationId = com.test.builder.app
[2026-03-02T11:11:05.395Z] Setting versionCode = 100, versionName = 1.0.0
[2026-03-02T11:11:05.395Z] Gradle file updated
[2026-03-02T11:11:05.395Z] Setting app_name EN = Test App
[2026-03-02T11:11:05.396Z] Setting app_name TR = Test App
[2026-03-02T11:11:05.396Z] Setting app_name ES = Test App
[2026-03-02T11:11:05.396Z] === STEP 3: Setting up signing ===
[2026-03-02T11:11:05.398Z] Keystore configured for signed release build
[2026-03-02T11:11:05.398Z] === STEP 4: Running Gradle build ===
[2026-03-02T11:11:05.398Z] Running: gradlew clean
[2026-03-02T11:11:05.398Z] > ./gradlew clean
> Task :app:clean UP-TO-DATE

[Incubating] Problems report is available at: file:///Users/furkanbesirli/Projects/mobile/com-umingleapp-aab/builder/workspaces/69a57048f8efeb82e1289abc/android/build/reports/problems/problems-report.html

Deprecated Gradle features were used in this build, making it incompatible with Gradle 9.0.

You can use '--warning-mode all' to show the individual deprecation warnings and determine if they come from your own scripts or plugins.

For more on this, please refer to https://docs.gradle.org/8.13/userguide/command_line_interface.html#sec:command_line_warnings in the Gradle documentation.

BUILD SUCCESSFUL in 4s
1 actionable task: 1 up-to-date
[2026-03-02T11:11:10.077Z] Running: gradlew assembleRelease
[2026-03-02T11:11:10.078Z] > ./gradlew assembleRelease
> Task :app:checkKotlinGradlePluginConfigurationErrors
> Task :app:preBuild UP-TO-DATE
> Task :app:preReleaseBuild UP-TO-DATE
> Task :app:generateReleaseResValues
> Task :app:checkReleaseAarMetadata
> Task :app:mapReleaseSourceSetPaths
> Task :app:generateReleaseResources
> Task :app:packageReleaseResources
> Task :app:createReleaseCompatibleScreenManifests
> Task :app:extractDeepLinksRelease
> Task :app:parseReleaseLocalResources

> Task :app:processReleaseMainManifest FAILED
Incorrect package="chatonlive.com.aab" found in source AndroidManifest.xml: /Users/furkanbesirli/Projects/mobile/com-umingleapp-aab/builder/workspaces/69a57048f8efeb82e1289abc/android/app/src/main/AndroidManifest.xml.
Setting the namespace via the package attribute in the source AndroidManifest.xml is no longer supported.
Recommendation: remove package="chatonlive.com.aab" from the source AndroidManifest.xml: /Users/furkanbesirli/Projects/mobile/com-umingleapp-aab/builder/workspaces/69a57048f8efeb82e1289abc/android/app/src/main/AndroidManifest.xml.

> Task :app:mergeReleaseResources

[Incubating] Problems report is available at: file:///Users/furkanbesirli/Projects/mobile/com-umingleapp-aab/builder/workspaces/69a57048f8efeb82e1289abc/android/build/reports/problems/problems-report.html

FAILURE: Build failed with an exception.

* What went wrong:
Execution failed for task ':app:processReleaseMainManifest'.
> Incorrect package="chatonlive.com.aab" found in source AndroidManifest.xml: /Users/furkanbesirli/Projects/mobile/com-umingleapp-aab/builder/workspaces/69a57048f8efeb82e1289abc/android/app/src/main/AndroidManifest.xml.
  Setting the namespace via the package attribute in the source AndroidManifest.xml is no longer supported.
  Recommendation: remove package="chatonlive.com.aab" from the source AndroidManifest.xml: /Users/furkanbesirli/Projects/mobile/com-umingleapp-aab/builder/workspaces/69a57048f8efeb82e1289abc/android/app/src/main/AndroidManifest.xml.

* Try:
> Run with --stacktrace option to get the stack trace.
> Run with --info or --debug option to get more log output.
> Run with --scan to get full insights.
> Get more help at https://help.gradle.org.

BUILD FAILED in 12s

Deprecated Gradle features were used in this build, making it incompatible with Gradle 9.0.

You can use '--warning-mode all' to show the individual deprecation warnings and determine if they come from your own scripts or plugins.

For more on this, please refer to https://docs.gradle.org/8.13/userguide/command_line_interface.html#sec:command_line_warnings in the Gradle documentation.
11 actionable tasks: 11 executed
[2026-03-02T11:11:22.622Z] === BUILD FAILED: gradlew assembleRelease failed with exit code 1 ===
