[2026-03-03T09:57:03.224Z] === STEP 1: Preparing workspace ===
[2026-03-03T09:57:03.225Z] Copying template from /Users/furkanbesirli/Projects/mobile/com-umingleapp-aab/android to /Users/furkanbesirli/Projects/mobile/com-umingleapp-aab/builder/workspaces/69a6b06d2bc46a61eae43f54/android
[2026-03-03T09:57:03.293Z] Template copied successfully
[2026-03-03T09:57:03.293Z] === STEP 2: Applying parameters ===
[2026-03-03T09:57:03.293Z] Setting applicationId = com.frkn.app
[2026-03-03T09:57:03.293Z] Setting versionCode = 101, versionName = 1.0.1
[2026-03-03T09:57:03.294Z] Gradle file updated
[2026-03-03T09:57:03.294Z] Removed package attribute from AndroidManifest.xml (namespace is in build.gradle)
[2026-03-03T09:57:03.294Z] Setting app_name EN = FRKNN
[2026-03-03T09:57:03.295Z] Setting app_name TR = FRKNN son
[2026-03-03T09:57:03.295Z] Setting app_name ES = FRKNN
[2026-03-03T09:57:03.295Z] === STEP 2b: Applying branding ===
[2026-03-03T09:57:03.300Z] Logo replaced: /Users/furkanbesirli/Projects/mobile/com-umingleapp-aab/builder/assets/com.frkn.app/logo.png → drawable/app_logo.png
[2026-03-03T09:57:03.300Z] Login label set to: FRKNNN
[2026-03-03T09:57:03.300Z] Login subtitle set to: FRKNN LIVE CHAT
[2026-03-03T09:57:03.300Z] brand_background_start = #2ae549
[2026-03-03T09:57:03.300Z] brand_background_end = #dbdae1
[2026-03-03T09:57:03.300Z] brand_primary = #f64004
[2026-03-03T09:57:03.300Z] === STEP 3: Setting up signing ===
[2026-03-03T09:57:03.301Z] Keystore configured for signed release build
[2026-03-03T09:57:03.301Z] === STEP 4: Running Gradle build ===
[2026-03-03T09:57:03.301Z] Running: gradlew clean
[2026-03-03T09:57:03.301Z] > ./gradlew clean
> Task :app:clean UP-TO-DATE

[Incubating] Problems report is available at: file:///Users/furkanbesirli/Projects/mobile/com-umingleapp-aab/builder/workspaces/69a6b06d2bc46a61eae43f54/android/build/reports/problems/problems-report.html

Deprecated Gradle features were used in this build, making it incompatible with Gradle 9.0.

You can use '--warning-mode all' to show the individual deprecation warnings and determine if they come from your own scripts or plugins.

For more on this, please refer to https://docs.gradle.org/8.13/userguide/command_line_interface.html#sec:command_line_warnings in the Gradle documentation.

BUILD SUCCESSFUL in 1s
1 actionable task: 1 up-to-date
[2026-03-03T09:57:04.985Z] Running: gradlew assembleRelease
[2026-03-03T09:57:04.985Z] > ./gradlew assembleRelease
> Task :app:checkKotlinGradlePluginConfigurationErrors
> Task :app:preBuild UP-TO-DATE
> Task :app:preReleaseBuild UP-TO-DATE
> Task :app:generateReleaseResValues
> Task :app:checkReleaseAarMetadata
> Task :app:mapReleaseSourceSetPaths
> Task :app:generateReleaseResources
> Task :app:packageReleaseResources
> Task :app:createReleaseCompatibleScreenManifests
> Task :app:extractDeepLinksRelease
> Task :app:parseReleaseLocalResources
> Task :app:processReleaseMainManifest
> Task :app:processReleaseManifest
> Task :app:buildKotlinToolingMetadata
> Task :app:javaPreCompileRelease
> Task :app:processReleaseManifestForPackage
> Task :app:extractProguardFiles
> Task :app:mergeReleaseJniLibFolders
> Task :app:mergeReleaseNativeLibs NO-SOURCE
> Task :app:stripReleaseDebugSymbols NO-SOURCE
> Task :app:extractReleaseNativeSymbolTables NO-SOURCE
> Task :app:mergeReleaseNativeDebugMetadata NO-SOURCE
> Task :app:checkReleaseDuplicateClasses
> Task :app:desugarReleaseFileDependencies
> Task :app:mergeReleaseStartupProfile
> Task :app:mergeReleaseArtProfile
> Task :app:mergeReleaseShaders
> Task :app:compileReleaseShaders NO-SOURCE
> Task :app:generateReleaseAssets UP-TO-DATE
> Task :app:mergeReleaseAssets
> Task :app:compressReleaseAssets
> Task :app:extractReleaseVersionControlInfo
> Task :app:collectReleaseDependencies
> Task :app:sdkReleaseDependencyData
> Task :app:validateSigningRelease
> Task :app:writeReleaseAppMetadata
> Task :app:writeReleaseSigningConfigVersions
> Task :app:mergeExtDexRelease
> Task :app:mergeReleaseResources
> Task :app:processReleaseResources
> Task :app:optimizeReleaseResources

> Task :app:compileReleaseKotlin
w: file:///Users/furkanbesirli/Projects/mobile/com-umingleapp-aab/builder/workspaces/69a6b06d2bc46a61eae43f54/android/app/src/main/java/chatonlive/com/aab/HomeActivity.kt:119:21 'setter for databaseEnabled: Boolean' is deprecated. Deprecated in Java
w: file:///Users/furkanbesirli/Projects/mobile/com-umingleapp-aab/builder/workspaces/69a6b06d2bc46a61eae43f54/android/app/src/main/java/chatonlive/com/aab/LoginActivity.kt:203:9 'startActivityForResult(Intent, Int): Unit' is deprecated. Deprecated in Java
w: file:///Users/furkanbesirli/Projects/mobile/com-umingleapp-aab/builder/workspaces/69a6b06d2bc46a61eae43f54/android/app/src/main/java/chatonlive/com/aab/services/GoogleSignInService.kt:33:17 Variable 'account' is never used

> Task :app:compileReleaseJavaWithJavac NO-SOURCE
> Task :app:generateReleaseLintVitalReportModel
> Task :app:dexBuilderRelease
> Task :app:mergeReleaseGlobalSynthetics
> Task :app:processReleaseJavaRes
> Task :app:mergeReleaseJavaResource
> Task :app:mergeDexRelease
> Task :app:compileReleaseArtProfile
> Task :app:packageRelease
> Task :app:createReleaseApkListingFileRedirect
> Task :app:lintVitalAnalyzeRelease
> Task :app:lintVitalReportRelease
> Task :app:lintVitalRelease
> Task :app:assembleRelease

[Incubating] Problems report is available at: file:///Users/furkanbesirli/Projects/mobile/com-umingleapp-aab/builder/workspaces/69a6b06d2bc46a61eae43f54/android/build/reports/problems/problems-report.html

Deprecated Gradle features were used in this build, making it incompatible with Gradle 9.0.

You can use '--warning-mode all' to show the individual deprecation warnings and determine if they come from your own scripts or plugins.

For more on this, please refer to https://docs.gradle.org/8.13/userguide/command_line_interface.html#sec:command_line_warnings in the Gradle documentation.

BUILD SUCCESSFUL in 21s
46 actionable tasks: 46 executed
[2026-03-03T09:57:26.599Z] Running: gradlew bundleRelease
[2026-03-03T09:57:26.599Z] > ./gradlew bundleRelease
> Task :app:preBuild UP-TO-DATE
> Task :app:preReleaseBuild UP-TO-DATE
> Task :app:generateReleaseResValues UP-TO-DATE
> Task :app:mapReleaseSourceSetPaths UP-TO-DATE
> Task :app:generateReleaseResources UP-TO-DATE
> Task :app:mergeReleaseResources UP-TO-DATE
> Task :app:createReleaseCompatibleScreenManifests UP-TO-DATE
> Task :app:extractDeepLinksRelease UP-TO-DATE
> Task :app:processReleaseMainManifest UP-TO-DATE
> Task :app:processReleaseManifest UP-TO-DATE
> Task :app:processApplicationManifestReleaseForBundle
> Task :app:checkReleaseAarMetadata UP-TO-DATE
> Task :app:packageReleaseResources UP-TO-DATE
> Task :app:parseReleaseLocalResources UP-TO-DATE
> Task :app:processReleaseManifestForPackage UP-TO-DATE
> Task :app:processReleaseResources UP-TO-DATE
> Task :app:extractReleaseVersionControlInfo UP-TO-DATE
> Task :app:checkReleaseDuplicateClasses UP-TO-DATE
> Task :app:buildKotlinToolingMetadata UP-TO-DATE
> Task :app:checkKotlinGradlePluginConfigurationErrors
> Task :app:compileReleaseKotlin UP-TO-DATE
> Task :app:javaPreCompileRelease UP-TO-DATE
> Task :app:compileReleaseJavaWithJavac NO-SOURCE
> Task :app:dexBuilderRelease UP-TO-DATE
> Task :app:desugarReleaseFileDependencies UP-TO-DATE
> Task :app:mergeReleaseStartupProfile UP-TO-DATE
> Task :app:mergeExtDexRelease UP-TO-DATE
> Task :app:mergeDexRelease UP-TO-DATE
> Task :app:mergeReleaseShaders UP-TO-DATE
> Task :app:compileReleaseShaders NO-SOURCE
> Task :app:generateReleaseAssets UP-TO-DATE
> Task :app:mergeReleaseAssets UP-TO-DATE
> Task :app:mergeReleaseGlobalSynthetics UP-TO-DATE
> Task :app:processReleaseJavaRes UP-TO-DATE
> Task :app:mergeReleaseJavaResource UP-TO-DATE
> Task :app:mergeReleaseJniLibFolders UP-TO-DATE
> Task :app:mergeReleaseNativeLibs NO-SOURCE
> Task :app:stripReleaseDebugSymbols NO-SOURCE
> Task :app:writeReleaseAppMetadata UP-TO-DATE
> Task :app:mergeReleaseArtProfile UP-TO-DATE
> Task :app:compileReleaseArtProfile UP-TO-DATE
> Task :app:collectReleaseDependencies UP-TO-DATE
> Task :app:configureReleaseDependencies
> Task :app:extractReleaseNativeSymbolTables NO-SOURCE
> Task :app:parseReleaseIntegrityConfig
> Task :app:validateSigningRelease UP-TO-DATE
> Task :app:bundleReleaseResources
> Task :app:buildReleasePreBundle
> Task :app:packageReleaseBundle
> Task :app:signReleaseBundle
> Task :app:produceReleaseBundleIdeListingFile
> Task :app:createReleaseBundleListingFileRedirect
> Task :app:bundleRelease

[Incubating] Problems report is available at: file:///Users/furkanbesirli/Projects/mobile/com-umingleapp-aab/builder/workspaces/69a6b06d2bc46a61eae43f54/android/build/reports/problems/problems-report.html

Deprecated Gradle features were used in this build, making it incompatible with Gradle 9.0.

You can use '--warning-mode all' to show the individual deprecation warnings and determine if they come from your own scripts or plugins.

For more on this, please refer to https://docs.gradle.org/8.13/userguide/command_line_interface.html#sec:command_line_warnings in the Gradle documentation.

BUILD SUCCESSFUL in 3s
44 actionable tasks: 10 executed, 34 up-to-date
[2026-03-03T09:57:29.830Z] === STEP 5: Collecting artifacts ===
[2026-03-03T09:57:29.859Z] APK collected: apps/com.frkn.app/builds/69a6b06d2bc46a61eae43f54/com.frkn.app(v1.0.1).apk
[2026-03-03T09:57:29.883Z] AAB collected: apps/com.frkn.app/builds/69a6b06d2bc46a61eae43f54/com.frkn.app(v1.0.1).aab
[2026-03-03T09:57:29.883Z] === BUILD COMPLETE ===
