[2026-03-04T08:20:17.261Z] === STEP 1: Preparing workspace ===
[2026-03-04T08:20:17.261Z] Copying template from /Users/furkanbesirli/Projects/mobile/com-umingleapp-aab/android to /Users/furkanbesirli/Projects/mobile/com-umingleapp-aab/builder/workspaces/69a7eb4075956d5101aa9c54/android
[2026-03-04T08:20:17.313Z] Template copied successfully
[2026-03-04T08:20:17.314Z] === REPACKAGE: chatonlive.com.aab → com.sena.mobile ===
[2026-03-04T08:20:17.320Z]   Replaced "chatonlive.com.aab" in 14 files
[2026-03-04T08:20:17.324Z]   Moved source: chatonlive/com/aab/ → com/sena/mobile/
[2026-03-04T08:20:17.325Z]   Updated namespace in build.gradle → com.sena.mobile
[2026-03-04T08:20:17.325Z] === REPACKAGE: Complete ===
[2026-03-04T08:20:17.325Z] === STEP 2: Applying parameters ===
[2026-03-04T08:20:17.325Z] Setting applicationId = com.sena.mobile
[2026-03-04T08:20:17.325Z] Setting versionCode = 100, versionName = 1.0.0
[2026-03-04T08:20:17.326Z] Gradle file updated
[2026-03-04T08:20:17.326Z] Updated AndroidManifest.xml package → com.sena.mobile
[2026-03-04T08:20:17.326Z] Setting app_name EN = SENA
[2026-03-04T08:20:17.326Z] Setting app_name TR = SENA
[2026-03-04T08:20:17.326Z] Setting app_name ES = SENA
[2026-03-04T08:20:17.326Z] === STEP 2b: Applying branding ===
[2026-03-04T08:20:17.327Z] Login label set to: SENA
[2026-03-04T08:20:17.327Z] Login subtitle set to: senos
[2026-03-04T08:20:17.327Z] brand_background_start = #4C1D95
[2026-03-04T08:20:17.327Z] brand_background_end = #1E1B4B
[2026-03-04T08:20:17.327Z] brand_primary = #7C3AED
[2026-03-04T08:20:17.328Z] === DIVERSIFICATION: Starting ===
[2026-03-04T08:20:17.328Z] Injecting 8 random Kotlin classes
[2026-03-04T08:20:17.331Z]   Created classes: StateProvider_a862, CoreHandler_ebd9, SysManager_3a52, StateResolver_0738, AuthProvider_5103, HubGuard_0bcd, AuthGuard_29c9, HubService_947d
[2026-03-04T08:20:17.332Z] Injecting random resource entries
[2026-03-04T08:20:17.333Z]   Resource entries injected
[2026-03-04T08:20:17.333Z] Injecting dummy views into layouts
[2026-03-04T08:20:17.337Z]   Dummy views added to 6 layouts
[2026-03-04T08:20:17.337Z] Generating 2MB dummy assets
[2026-03-04T08:20:17.340Z]   Created 5 dummy asset files (~2MB total) + AssetRefHolder to prevent stripping
[2026-03-04T08:20:17.340Z] Generating random obfuscation dictionary
[2026-03-04T08:20:17.342Z]   Obfuscation dictionaries configured
[2026-03-04T08:20:17.342Z] Enabling R8/Proguard minification
[2026-03-04T08:20:17.343Z]   R8 minification + resource shrinking enabled
[2026-03-04T08:20:17.343Z] === DIVERSIFICATION: Complete ===
[2026-03-04T08:20:17.343Z] === STEP 3: Setting up signing ===
[2026-03-04T08:20:17.343Z] Keystore configured for signed release build
[2026-03-04T08:20:17.343Z] === STEP 4: Running Gradle build ===
[2026-03-04T08:20:17.344Z] Running: gradlew clean
[2026-03-04T08:20:17.344Z] > ./gradlew clean
> Task :app:clean UP-TO-DATE

[Incubating] Problems report is available at: file:///Users/furkanbesirli/Projects/mobile/com-umingleapp-aab/builder/workspaces/69a7eb4075956d5101aa9c54/android/build/reports/problems/problems-report.html

Deprecated Gradle features were used in this build, making it incompatible with Gradle 9.0.

You can use '--warning-mode all' to show the individual deprecation warnings and determine if they come from your own scripts or plugins.

For more on this, please refer to https://docs.gradle.org/8.13/userguide/command_line_interface.html#sec:command_line_warnings in the Gradle documentation.

BUILD SUCCESSFUL in 3s
1 actionable task: 1 up-to-date
[2026-03-04T08:20:21.078Z] Running: gradlew assembleRelease
[2026-03-04T08:20:21.078Z] > ./gradlew assembleRelease
> Task :app:checkKotlinGradlePluginConfigurationErrors
> Task :app:preBuild UP-TO-DATE
> Task :app:preReleaseBuild UP-TO-DATE
> Task :app:generateReleaseResValues
> Task :app:checkReleaseAarMetadata
> Task :app:mapReleaseSourceSetPaths
> Task :app:generateReleaseResources
> Task :app:packageReleaseResources
> Task :app:createReleaseCompatibleScreenManifests
> Task :app:parseReleaseLocalResources
> Task :app:extractDeepLinksRelease

> Task :app:processReleaseMainManifest
package="com.sena.mobile" found in source AndroidManifest.xml: /Users/furkanbesirli/Projects/mobile/com-umingleapp-aab/builder/workspaces/69a7eb4075956d5101aa9c54/android/app/src/main/AndroidManifest.xml.
Setting the namespace via the package attribute in the source AndroidManifest.xml is no longer supported, and the value is ignored.
Recommendation: remove package="com.sena.mobile" from the source AndroidManifest.xml: /Users/furkanbesirli/Projects/mobile/com-umingleapp-aab/builder/workspaces/69a7eb4075956d5101aa9c54/android/app/src/main/AndroidManifest.xml.

> Task :app:processReleaseManifest
> Task :app:buildKotlinToolingMetadata
> Task :app:javaPreCompileRelease
> Task :app:extractProguardFiles
> Task :app:mergeReleaseJniLibFolders
> Task :app:mergeReleaseNativeLibs NO-SOURCE
> Task :app:stripReleaseDebugSymbols NO-SOURCE
> Task :app:extractReleaseNativeSymbolTables NO-SOURCE
> Task :app:mergeReleaseNativeDebugMetadata NO-SOURCE
> Task :app:mergeReleaseStartupProfile
> Task :app:mergeReleaseArtProfile
> Task :app:mergeReleaseShaders
> Task :app:compileReleaseShaders NO-SOURCE
> Task :app:generateReleaseAssets UP-TO-DATE
> Task :app:checkReleaseDuplicateClasses
> Task :app:mergeReleaseAssets
> Task :app:processReleaseManifestForPackage
> Task :app:extractReleaseVersionControlInfo
> Task :app:processApplicationManifestReleaseForBundle
> Task :app:compressReleaseAssets
> Task :app:collectReleaseDependencies
> Task :app:sdkReleaseDependencyData
> Task :app:validateSigningRelease
> Task :app:writeReleaseAppMetadata
> Task :app:writeReleaseSigningConfigVersions
> Task :app:mergeReleaseResources
> Task :app:processReleaseResources
> Task :app:bundleReleaseResources

> Task :app:compileReleaseKotlin
w: file:///Users/furkanbesirli/Projects/mobile/com-umingleapp-aab/builder/workspaces/69a7eb4075956d5101aa9c54/android/app/src/main/java/com/sena/mobile/HomeActivity.kt:119:21 'setter for databaseEnabled: Boolean' is deprecated. Deprecated in Java
w: file:///Users/furkanbesirli/Projects/mobile/com-umingleapp-aab/builder/workspaces/69a7eb4075956d5101aa9c54/android/app/src/main/java/com/sena/mobile/LoginActivity.kt:203:9 'startActivityForResult(Intent, Int): Unit' is deprecated. Deprecated in Java
w: file:///Users/furkanbesirli/Projects/mobile/com-umingleapp-aab/builder/workspaces/69a7eb4075956d5101aa9c54/android/app/src/main/java/com/sena/mobile/services/GoogleSignInService.kt:33:17 Variable 'account' is never used

> Task :app:compileReleaseJavaWithJavac NO-SOURCE
> Task :app:generateReleaseLintVitalReportModel
> Task :app:mergeReleaseGeneratedProguardFiles
> Task :app:processReleaseJavaRes
> Task :app:expandReleaseArtProfileWildcards
> Task :app:mergeReleaseJavaResource
> Task :app:lintVitalAnalyzeRelease
> Task :app:lintVitalReportRelease
> Task :app:lintVitalRelease
> Task :app:minifyReleaseWithR8
> Task :app:compileReleaseArtProfile
> Task :app:shrinkReleaseRes
> Task :app:convertReleaseProtoResources
> Task :app:optimizeReleaseResources
> Task :app:packageRelease
> Task :app:createReleaseApkListingFileRedirect
> Task :app:assembleRelease

[Incubating] Problems report is available at: file:///Users/furkanbesirli/Projects/mobile/com-umingleapp-aab/builder/workspaces/69a7eb4075956d5101aa9c54/android/build/reports/problems/problems-report.html

Deprecated Gradle features were used in this build, making it incompatible with Gradle 9.0.

You can use '--warning-mode all' to show the individual deprecation warnings and determine if they come from your own scripts or plugins.

For more on this, please refer to https://docs.gradle.org/8.13/userguide/command_line_interface.html#sec:command_line_warnings in the Gradle documentation.

BUILD SUCCESSFUL in 45s
48 actionable tasks: 48 executed
[2026-03-04T08:21:06.643Z] Running: gradlew bundleRelease
[2026-03-04T08:21:06.645Z] > ./gradlew bundleRelease
> Task :app:preBuild UP-TO-DATE
> Task :app:preReleaseBuild UP-TO-DATE
> Task :app:generateReleaseFeatureMetadata
> Task :app:buildKotlinToolingMetadata UP-TO-DATE
> Task :app:checkReleaseDuplicateClasses UP-TO-DATE
> Task :app:checkKotlinGradlePluginConfigurationErrors
> Task :app:checkReleaseAarMetadata UP-TO-DATE
> Task :app:generateReleaseResValues UP-TO-DATE
> Task :app:mapReleaseSourceSetPaths UP-TO-DATE
> Task :app:generateReleaseResources UP-TO-DATE
> Task :app:mergeReleaseResources UP-TO-DATE
> Task :app:packageReleaseResources UP-TO-DATE
> Task :app:parseReleaseLocalResources UP-TO-DATE
> Task :app:createReleaseCompatibleScreenManifests UP-TO-DATE
> Task :app:extractDeepLinksRelease UP-TO-DATE
> Task :app:processReleaseMainManifest UP-TO-DATE
> Task :app:processReleaseManifest UP-TO-DATE
> Task :app:processReleaseManifestForPackage UP-TO-DATE
> Task :app:processReleaseResources UP-TO-DATE
> Task :app:compileReleaseKotlin UP-TO-DATE
> Task :app:javaPreCompileRelease UP-TO-DATE
> Task :app:compileReleaseJavaWithJavac NO-SOURCE
> Task :app:mergeReleaseArtProfile UP-TO-DATE
> Task :app:expandReleaseArtProfileWildcards UP-TO-DATE
> Task :app:extractProguardFiles UP-TO-DATE
> Task :app:mergeReleaseGeneratedProguardFiles UP-TO-DATE
> Task :app:processReleaseJavaRes UP-TO-DATE
> Task :app:mergeReleaseJavaResource UP-TO-DATE
> Task :app:mergeReleaseStartupProfile UP-TO-DATE
> Task :app:minifyReleaseWithR8 UP-TO-DATE
> Task :app:processApplicationManifestReleaseForBundle UP-TO-DATE
> Task :app:bundleReleaseResources UP-TO-DATE
> Task :app:extractReleaseVersionControlInfo UP-TO-DATE
> Task :app:mergeReleaseShaders UP-TO-DATE
> Task :app:compileReleaseShaders NO-SOURCE
> Task :app:generateReleaseAssets UP-TO-DATE
> Task :app:mergeReleaseAssets UP-TO-DATE
> Task :app:mergeReleaseJniLibFolders UP-TO-DATE
> Task :app:mergeReleaseNativeLibs NO-SOURCE
> Task :app:stripReleaseDebugSymbols NO-SOURCE
> Task :app:writeReleaseAppMetadata UP-TO-DATE
> Task :app:buildReleasePreBundle
> Task :app:compileReleaseArtProfile UP-TO-DATE
> Task :app:collectReleaseDependencies UP-TO-DATE
> Task :app:configureReleaseDependencies
> Task :app:extractReleaseNativeSymbolTables NO-SOURCE
> Task :app:validateSigningRelease UP-TO-DATE
> Task :app:parseReleaseIntegrityConfig
> Task :app:packageReleaseBundle
> Task :app:shrinkBundleReleaseResources
> Task :app:signReleaseBundle
> Task :app:produceReleaseBundleIdeListingFile
> Task :app:createReleaseBundleListingFileRedirect
> Task :app:bundleRelease

[Incubating] Problems report is available at: file:///Users/furkanbesirli/Projects/mobile/com-umingleapp-aab/builder/workspaces/69a7eb4075956d5101aa9c54/android/build/reports/problems/problems-report.html

Deprecated Gradle features were used in this build, making it incompatible with Gradle 9.0.

You can use '--warning-mode all' to show the individual deprecation warnings and determine if they come from your own scripts or plugins.

For more on this, please refer to https://docs.gradle.org/8.13/userguide/command_line_interface.html#sec:command_line_warnings in the Gradle documentation.

BUILD SUCCESSFUL in 3s
45 actionable tasks: 10 executed, 35 up-to-date
[2026-03-04T08:21:10.796Z] === STEP 5: Collecting artifacts ===
[2026-03-04T08:21:10.810Z] APK collected: apps/com.sena.mobile/builds/69a7eb4075956d5101aa9c54/com.sena.mobile(v1.0.0).apk
[2026-03-04T08:21:10.821Z] AAB collected: apps/com.sena.mobile/builds/69a7eb4075956d5101aa9c54/com.sena.mobile(v1.0.0).aab
[2026-03-04T08:21:10.858Z] Mapping collected: apps/com.sena.mobile/builds/69a7eb4075956d5101aa9c54/mapping.txt
[2026-03-04T08:21:10.858Z] === BUILD COMPLETE ===
