[2026-03-03T10:22:34.866Z] === STEP 1: Preparing workspace ===
[2026-03-03T10:22:34.866Z] Copying template from /Users/furkanbesirli/Projects/mobile/com-umingleapp-aab/android to /Users/furkanbesirli/Projects/mobile/com-umingleapp-aab/builder/workspaces/69a6b669f8cf7b613e821ac9/android
[2026-03-03T10:22:34.923Z] Template copied successfully
[2026-03-03T10:22:34.923Z] === STEP 2: Applying parameters ===
[2026-03-03T10:22:34.923Z] Setting applicationId = com.frkn.app
[2026-03-03T10:22:34.923Z] Setting versionCode = 102, versionName = 1.0.2
[2026-03-03T10:22:34.924Z] Gradle file updated
[2026-03-03T10:22:34.924Z] Removed package attribute from AndroidManifest.xml (namespace is in build.gradle)
[2026-03-03T10:22:34.924Z] Setting app_name EN = FRKNN
[2026-03-03T10:22:34.925Z] Setting app_name TR = FRKNN son
[2026-03-03T10:22:34.925Z] Setting app_name ES = FRKNN
[2026-03-03T10:22:34.925Z] === STEP 2b: Applying branding ===
[2026-03-03T10:22:34.929Z] Logo replaced: /Users/furkanbesirli/Projects/mobile/com-umingleapp-aab/builder/assets/com.frkn.app/logo.png → drawable/app_logo.png
[2026-03-03T10:22:34.930Z] Login label set to: FRKNNN
[2026-03-03T10:22:34.930Z] Login subtitle set to: FRKNN LIVE CHAT
[2026-03-03T10:22:34.930Z] brand_background_start = #2ae549
[2026-03-03T10:22:34.930Z] brand_background_end = #dbdae1
[2026-03-03T10:22:34.930Z] brand_primary = #f64004
[2026-03-03T10:22:34.931Z] === DIVERSIFICATION: Starting ===
[2026-03-03T10:22:34.931Z] Injecting 8 random Kotlin classes
[2026-03-03T10:22:34.933Z]   Created classes: LogFactory_6536, EventObserver_eb01, UtilFilter_3856, AppObserver_2a63, NetModule_6a0d, AuthProvider_35ff, SyncHelper_8d75, AppTracker_7dd1
[2026-03-03T10:22:34.933Z] Injecting random resource entries
[2026-03-03T10:22:34.934Z]   Resource entries injected
[2026-03-03T10:22:34.934Z] Injecting dummy views into layouts
[2026-03-03T10:22:34.935Z]   Dummy views added to 6 layouts
[2026-03-03T10:22:34.935Z] Generating 2MB dummy assets
[2026-03-03T10:22:34.938Z]   Created 6 dummy asset files (~2MB total)
[2026-03-03T10:22:34.938Z] Generating random obfuscation dictionary
[2026-03-03T10:22:34.941Z]   Obfuscation dictionaries configured
[2026-03-03T10:22:34.941Z] Enabling R8/Proguard minification
[2026-03-03T10:22:34.941Z]   R8 minification + resource shrinking enabled
[2026-03-03T10:22:34.941Z] === DIVERSIFICATION: Complete ===
[2026-03-03T10:22:34.941Z] === STEP 3: Setting up signing ===
[2026-03-03T10:22:34.942Z] Keystore configured for signed release build
[2026-03-03T10:22:34.942Z] === STEP 4: Running Gradle build ===
[2026-03-03T10:22:34.942Z] Running: gradlew clean
[2026-03-03T10:22:34.942Z] > ./gradlew clean
> Task :app:clean UP-TO-DATE

[Incubating] Problems report is available at: file:///Users/furkanbesirli/Projects/mobile/com-umingleapp-aab/builder/workspaces/69a6b669f8cf7b613e821ac9/android/build/reports/problems/problems-report.html

Deprecated Gradle features were used in this build, making it incompatible with Gradle 9.0.

You can use '--warning-mode all' to show the individual deprecation warnings and determine if they come from your own scripts or plugins.

For more on this, please refer to https://docs.gradle.org/8.13/userguide/command_line_interface.html#sec:command_line_warnings in the Gradle documentation.

BUILD SUCCESSFUL in 2s
1 actionable task: 1 up-to-date
[2026-03-03T10:22:37.907Z] Running: gradlew assembleRelease
[2026-03-03T10:22:37.908Z] > ./gradlew assembleRelease
> Task :app:checkKotlinGradlePluginConfigurationErrors
> Task :app:preBuild UP-TO-DATE
> Task :app:preReleaseBuild UP-TO-DATE
> Task :app:generateReleaseResValues
> Task :app:checkReleaseAarMetadata
> Task :app:mapReleaseSourceSetPaths
> Task :app:generateReleaseResources
> Task :app:packageReleaseResources
> Task :app:createReleaseCompatibleScreenManifests
> Task :app:extractDeepLinksRelease
> Task :app:parseReleaseLocalResources
> Task :app:processReleaseMainManifest
> Task :app:processReleaseManifest
> Task :app:processReleaseManifestForPackage
> Task :app:buildKotlinToolingMetadata
> Task :app:javaPreCompileRelease
> Task :app:extractProguardFiles
> Task :app:mergeReleaseJniLibFolders
> Task :app:mergeReleaseNativeLibs NO-SOURCE
> Task :app:stripReleaseDebugSymbols NO-SOURCE
> Task :app:extractReleaseNativeSymbolTables NO-SOURCE
> Task :app:mergeReleaseNativeDebugMetadata NO-SOURCE
> Task :app:mergeReleaseStartupProfile
> Task :app:mergeReleaseArtProfile
> Task :app:mergeReleaseShaders
> Task :app:compileReleaseShaders NO-SOURCE
> Task :app:generateReleaseAssets UP-TO-DATE
> Task :app:checkReleaseDuplicateClasses
> Task :app:mergeReleaseAssets
> Task :app:extractReleaseVersionControlInfo
> Task :app:processApplicationManifestReleaseForBundle
> Task :app:compressReleaseAssets
> Task :app:collectReleaseDependencies
> Task :app:sdkReleaseDependencyData
> Task :app:validateSigningRelease
> Task :app:writeReleaseAppMetadata
> Task :app:writeReleaseSigningConfigVersions
> Task :app:mergeReleaseResources
> Task :app:processReleaseResources
> Task :app:bundleReleaseResources

> Task :app:compileReleaseKotlin
w: file:///Users/furkanbesirli/Projects/mobile/com-umingleapp-aab/builder/workspaces/69a6b669f8cf7b613e821ac9/android/app/src/main/java/chatonlive/com/aab/HomeActivity.kt:119:21 'setter for databaseEnabled: Boolean' is deprecated. Deprecated in Java
w: file:///Users/furkanbesirli/Projects/mobile/com-umingleapp-aab/builder/workspaces/69a6b669f8cf7b613e821ac9/android/app/src/main/java/chatonlive/com/aab/LoginActivity.kt:203:9 'startActivityForResult(Intent, Int): Unit' is deprecated. Deprecated in Java
w: file:///Users/furkanbesirli/Projects/mobile/com-umingleapp-aab/builder/workspaces/69a6b669f8cf7b613e821ac9/android/app/src/main/java/chatonlive/com/aab/services/GoogleSignInService.kt:33:17 Variable 'account' is never used

> Task :app:compileReleaseJavaWithJavac NO-SOURCE
> Task :app:generateReleaseLintVitalReportModel
> Task :app:mergeReleaseGeneratedProguardFiles
> Task :app:processReleaseJavaRes
> Task :app:expandReleaseArtProfileWildcards
> Task :app:mergeReleaseJavaResource
> Task :app:lintVitalAnalyzeRelease
> Task :app:lintVitalReportRelease
> Task :app:lintVitalRelease
> Task :app:minifyReleaseWithR8
> Task :app:compileReleaseArtProfile
> Task :app:shrinkReleaseRes
> Task :app:convertReleaseProtoResources
> Task :app:optimizeReleaseResources
> Task :app:packageRelease
> Task :app:createReleaseApkListingFileRedirect
> Task :app:assembleRelease

[Incubating] Problems report is available at: file:///Users/furkanbesirli/Projects/mobile/com-umingleapp-aab/builder/workspaces/69a6b669f8cf7b613e821ac9/android/build/reports/problems/problems-report.html

Deprecated Gradle features were used in this build, making it incompatible with Gradle 9.0.

You can use '--warning-mode all' to show the individual deprecation warnings and determine if they come from your own scripts or plugins.

For more on this, please refer to https://docs.gradle.org/8.13/userguide/command_line_interface.html#sec:command_line_warnings in the Gradle documentation.

BUILD SUCCESSFUL in 51s
48 actionable tasks: 48 executed
[2026-03-03T10:23:29.177Z] Running: gradlew bundleRelease
[2026-03-03T10:23:29.179Z] > ./gradlew bundleRelease
> Task :app:preBuild UP-TO-DATE
> Task :app:preReleaseBuild UP-TO-DATE
> Task :app:buildKotlinToolingMetadata UP-TO-DATE
> Task :app:generateReleaseFeatureMetadata
> Task :app:checkReleaseDuplicateClasses UP-TO-DATE
> Task :app:checkKotlinGradlePluginConfigurationErrors
> Task :app:checkReleaseAarMetadata UP-TO-DATE
> Task :app:generateReleaseResValues UP-TO-DATE
> Task :app:mapReleaseSourceSetPaths UP-TO-DATE
> Task :app:generateReleaseResources UP-TO-DATE
> Task :app:mergeReleaseResources UP-TO-DATE
> Task :app:packageReleaseResources UP-TO-DATE
> Task :app:parseReleaseLocalResources UP-TO-DATE
> Task :app:createReleaseCompatibleScreenManifests UP-TO-DATE
> Task :app:extractDeepLinksRelease UP-TO-DATE
> Task :app:processReleaseMainManifest UP-TO-DATE
> Task :app:processReleaseManifest UP-TO-DATE
> Task :app:processReleaseManifestForPackage UP-TO-DATE
> Task :app:processReleaseResources UP-TO-DATE
> Task :app:compileReleaseKotlin UP-TO-DATE
> Task :app:javaPreCompileRelease UP-TO-DATE
> Task :app:compileReleaseJavaWithJavac NO-SOURCE
> Task :app:mergeReleaseArtProfile UP-TO-DATE
> Task :app:expandReleaseArtProfileWildcards UP-TO-DATE
> Task :app:extractProguardFiles UP-TO-DATE
> Task :app:mergeReleaseGeneratedProguardFiles UP-TO-DATE
> Task :app:processReleaseJavaRes UP-TO-DATE
> Task :app:mergeReleaseJavaResource UP-TO-DATE
> Task :app:mergeReleaseStartupProfile UP-TO-DATE
> Task :app:minifyReleaseWithR8 UP-TO-DATE
> Task :app:processApplicationManifestReleaseForBundle UP-TO-DATE
> Task :app:bundleReleaseResources UP-TO-DATE
> Task :app:extractReleaseVersionControlInfo UP-TO-DATE
> Task :app:mergeReleaseShaders UP-TO-DATE
> Task :app:compileReleaseShaders NO-SOURCE
> Task :app:generateReleaseAssets UP-TO-DATE
> Task :app:mergeReleaseAssets UP-TO-DATE
> Task :app:mergeReleaseJniLibFolders UP-TO-DATE
> Task :app:mergeReleaseNativeLibs NO-SOURCE
> Task :app:stripReleaseDebugSymbols NO-SOURCE
> Task :app:writeReleaseAppMetadata UP-TO-DATE
> Task :app:buildReleasePreBundle
> Task :app:compileReleaseArtProfile UP-TO-DATE
> Task :app:collectReleaseDependencies UP-TO-DATE
> Task :app:configureReleaseDependencies
> Task :app:extractReleaseNativeSymbolTables NO-SOURCE
> Task :app:validateSigningRelease UP-TO-DATE
> Task :app:parseReleaseIntegrityConfig
> Task :app:packageReleaseBundle
> Task :app:shrinkBundleReleaseResources
> Task :app:signReleaseBundle
> Task :app:produceReleaseBundleIdeListingFile
> Task :app:createReleaseBundleListingFileRedirect
> Task :app:bundleRelease

[Incubating] Problems report is available at: file:///Users/furkanbesirli/Projects/mobile/com-umingleapp-aab/builder/workspaces/69a6b669f8cf7b613e821ac9/android/build/reports/problems/problems-report.html

Deprecated Gradle features were used in this build, making it incompatible with Gradle 9.0.

You can use '--warning-mode all' to show the individual deprecation warnings and determine if they come from your own scripts or plugins.

For more on this, please refer to https://docs.gradle.org/8.13/userguide/command_line_interface.html#sec:command_line_warnings in the Gradle documentation.

BUILD SUCCESSFUL in 2s
45 actionable tasks: 10 executed, 35 up-to-date
[2026-03-03T10:23:32.297Z] === STEP 5: Collecting artifacts ===
[2026-03-03T10:23:32.312Z] APK collected: apps/com.frkn.app/builds/69a6b669f8cf7b613e821ac9/com.frkn.app(v1.0.2).apk
[2026-03-03T10:23:32.323Z] AAB collected: apps/com.frkn.app/builds/69a6b669f8cf7b613e821ac9/com.frkn.app(v1.0.2).aab
[2026-03-03T10:23:32.398Z] Mapping collected: apps/com.frkn.app/builds/69a6b669f8cf7b613e821ac9/mapping.txt
[2026-03-03T10:23:32.399Z] === BUILD COMPLETE ===
