[2026-03-03T09:44:41.165Z] === STEP 1: Preparing workspace ===
[2026-03-03T09:44:41.166Z] Copying template from /Users/furkanbesirli/Projects/mobile/com-umingleapp-aab/android to /Users/furkanbesirli/Projects/mobile/com-umingleapp-aab/builder/workspaces/69a6ad87cf683cfb621dc943/android
[2026-03-03T09:44:41.232Z] Template copied successfully
[2026-03-03T09:44:41.232Z] === STEP 2: Applying parameters ===
[2026-03-03T09:44:41.232Z] Setting applicationId = com.frkn.app
[2026-03-03T09:44:41.232Z] Setting versionCode = 100, versionName = 1.0.0
[2026-03-03T09:44:41.233Z] Gradle file updated
[2026-03-03T09:44:41.233Z] Removed package attribute from AndroidManifest.xml (namespace is in build.gradle)
[2026-03-03T09:44:41.233Z] Setting app_name EN = FRKNN
[2026-03-03T09:44:41.234Z] Setting app_name TR = FRKNN son
[2026-03-03T09:44:41.234Z] Setting app_name ES = FRKNN
[2026-03-03T09:44:41.234Z] === STEP 2b: Applying branding ===
[2026-03-03T09:44:41.234Z] Login label set to: FRKNNN
[2026-03-03T09:44:41.234Z] Login subtitle set to: FRKNN LIVE CHAT
[2026-03-03T09:44:41.235Z] brand_background_start = #2ae549
[2026-03-03T09:44:41.235Z] brand_background_end = #dbdae1
[2026-03-03T09:44:41.235Z] brand_primary = #f64004
[2026-03-03T09:44:41.235Z] === STEP 3: Setting up signing ===
[2026-03-03T09:44:41.235Z] Keystore configured for signed release build
[2026-03-03T09:44:41.235Z] === STEP 4: Running Gradle build ===
[2026-03-03T09:44:41.235Z] Running: gradlew clean
[2026-03-03T09:44:41.235Z] > ./gradlew clean
> Task :app:clean UP-TO-DATE

[Incubating] Problems report is available at: file:///Users/furkanbesirli/Projects/mobile/com-umingleapp-aab/builder/workspaces/69a6ad87cf683cfb621dc943/android/build/reports/problems/problems-report.html

Deprecated Gradle features were used in this build, making it incompatible with Gradle 9.0.

You can use '--warning-mode all' to show the individual deprecation warnings and determine if they come from your own scripts or plugins.

For more on this, please refer to https://docs.gradle.org/8.13/userguide/command_line_interface.html#sec:command_line_warnings in the Gradle documentation.

BUILD SUCCESSFUL in 2s
1 actionable task: 1 up-to-date
[2026-03-03T09:44:44.855Z] Running: gradlew assembleRelease
[2026-03-03T09:44:44.855Z] > ./gradlew assembleRelease
> Task :app:checkKotlinGradlePluginConfigurationErrors
> Task :app:preBuild UP-TO-DATE
> Task :app:preReleaseBuild UP-TO-DATE
> Task :app:generateReleaseResValues
> Task :app:checkReleaseAarMetadata
> Task :app:mapReleaseSourceSetPaths
> Task :app:generateReleaseResources
> Task :app:packageReleaseResources
> Task :app:createReleaseCompatibleScreenManifests
> Task :app:extractDeepLinksRelease
> Task :app:parseReleaseLocalResources
> Task :app:processReleaseMainManifest
> Task :app:processReleaseManifest
> Task :app:buildKotlinToolingMetadata
> Task :app:javaPreCompileRelease
> Task :app:extractProguardFiles
> Task :app:mergeReleaseJniLibFolders
> Task :app:mergeReleaseNativeLibs NO-SOURCE
> Task :app:stripReleaseDebugSymbols NO-SOURCE
> Task :app:extractReleaseNativeSymbolTables NO-SOURCE
> Task :app:mergeReleaseNativeDebugMetadata NO-SOURCE
> Task :app:checkReleaseDuplicateClasses
> Task :app:desugarReleaseFileDependencies
> Task :app:mergeReleaseStartupProfile
> Task :app:processReleaseManifestForPackage
> Task :app:mergeReleaseArtProfile
> Task :app:mergeReleaseShaders
> Task :app:compileReleaseShaders NO-SOURCE
> Task :app:generateReleaseAssets UP-TO-DATE
> Task :app:mergeReleaseAssets
> Task :app:compressReleaseAssets
> Task :app:extractReleaseVersionControlInfo
> Task :app:collectReleaseDependencies
> Task :app:sdkReleaseDependencyData
> Task :app:validateSigningRelease
> Task :app:writeReleaseAppMetadata
> Task :app:writeReleaseSigningConfigVersions
> Task :app:mergeExtDexRelease
> Task :app:mergeReleaseResources
> Task :app:processReleaseResources
> Task :app:optimizeReleaseResources

> Task :app:compileReleaseKotlin
w: file:///Users/furkanbesirli/Projects/mobile/com-umingleapp-aab/builder/workspaces/69a6ad87cf683cfb621dc943/android/app/src/main/java/chatonlive/com/aab/HomeActivity.kt:119:21 'setter for databaseEnabled: Boolean' is deprecated. Deprecated in Java
w: file:///Users/furkanbesirli/Projects/mobile/com-umingleapp-aab/builder/workspaces/69a6ad87cf683cfb621dc943/android/app/src/main/java/chatonlive/com/aab/LoginActivity.kt:203:9 'startActivityForResult(Intent, Int): Unit' is deprecated. Deprecated in Java
w: file:///Users/furkanbesirli/Projects/mobile/com-umingleapp-aab/builder/workspaces/69a6ad87cf683cfb621dc943/android/app/src/main/java/chatonlive/com/aab/services/GoogleSignInService.kt:33:17 Variable 'account' is never used

> Task :app:compileReleaseJavaWithJavac NO-SOURCE
> Task :app:generateReleaseLintVitalReportModel
> Task :app:dexBuilderRelease
> Task :app:mergeReleaseGlobalSynthetics
> Task :app:processReleaseJavaRes
> Task :app:mergeReleaseJavaResource
> Task :app:mergeDexRelease
> Task :app:compileReleaseArtProfile
> Task :app:packageRelease
> Task :app:createReleaseApkListingFileRedirect
> Task :app:lintVitalAnalyzeRelease
> Task :app:lintVitalReportRelease
> Task :app:lintVitalRelease
> Task :app:assembleRelease

[Incubating] Problems report is available at: file:///Users/furkanbesirli/Projects/mobile/com-umingleapp-aab/builder/workspaces/69a6ad87cf683cfb621dc943/android/build/reports/problems/problems-report.html

Deprecated Gradle features were used in this build, making it incompatible with Gradle 9.0.

You can use '--warning-mode all' to show the individual deprecation warnings and determine if they come from your own scripts or plugins.

For more on this, please refer to https://docs.gradle.org/8.13/userguide/command_line_interface.html#sec:command_line_warnings in the Gradle documentation.

BUILD SUCCESSFUL in 21s
46 actionable tasks: 46 executed
[2026-03-03T09:45:06.135Z] Running: gradlew bundleRelease
[2026-03-03T09:45:06.135Z] > ./gradlew bundleRelease
> Task :app:preBuild UP-TO-DATE
> Task :app:preReleaseBuild UP-TO-DATE
> Task :app:generateReleaseResValues UP-TO-DATE
> Task :app:mapReleaseSourceSetPaths UP-TO-DATE
> Task :app:generateReleaseResources UP-TO-DATE
> Task :app:mergeReleaseResources UP-TO-DATE
> Task :app:createReleaseCompatibleScreenManifests UP-TO-DATE
> Task :app:extractDeepLinksRelease UP-TO-DATE
> Task :app:processReleaseMainManifest UP-TO-DATE
> Task :app:processReleaseManifest UP-TO-DATE
> Task :app:processApplicationManifestReleaseForBundle
> Task :app:checkReleaseAarMetadata UP-TO-DATE
> Task :app:packageReleaseResources UP-TO-DATE
> Task :app:parseReleaseLocalResources UP-TO-DATE
> Task :app:processReleaseManifestForPackage UP-TO-DATE
> Task :app:processReleaseResources UP-TO-DATE
> Task :app:extractReleaseVersionControlInfo UP-TO-DATE
> Task :app:checkReleaseDuplicateClasses UP-TO-DATE
> Task :app:buildKotlinToolingMetadata UP-TO-DATE
> Task :app:checkKotlinGradlePluginConfigurationErrors
> Task :app:compileReleaseKotlin UP-TO-DATE
> Task :app:javaPreCompileRelease UP-TO-DATE
> Task :app:compileReleaseJavaWithJavac NO-SOURCE
> Task :app:dexBuilderRelease UP-TO-DATE
> Task :app:desugarReleaseFileDependencies UP-TO-DATE
> Task :app:mergeReleaseStartupProfile UP-TO-DATE
> Task :app:mergeExtDexRelease UP-TO-DATE
> Task :app:mergeDexRelease UP-TO-DATE
> Task :app:mergeReleaseShaders UP-TO-DATE
> Task :app:compileReleaseShaders NO-SOURCE
> Task :app:generateReleaseAssets UP-TO-DATE
> Task :app:mergeReleaseAssets UP-TO-DATE
> Task :app:mergeReleaseGlobalSynthetics UP-TO-DATE
> Task :app:processReleaseJavaRes UP-TO-DATE
> Task :app:mergeReleaseJavaResource UP-TO-DATE
> Task :app:mergeReleaseJniLibFolders UP-TO-DATE
> Task :app:mergeReleaseNativeLibs NO-SOURCE
> Task :app:stripReleaseDebugSymbols NO-SOURCE
> Task :app:writeReleaseAppMetadata UP-TO-DATE
> Task :app:mergeReleaseArtProfile UP-TO-DATE
> Task :app:compileReleaseArtProfile UP-TO-DATE
> Task :app:collectReleaseDependencies UP-TO-DATE
> Task :app:configureReleaseDependencies
> Task :app:extractReleaseNativeSymbolTables NO-SOURCE
> Task :app:validateSigningRelease UP-TO-DATE
> Task :app:parseReleaseIntegrityConfig
> Task :app:bundleReleaseResources
> Task :app:buildReleasePreBundle
> Task :app:packageReleaseBundle
> Task :app:signReleaseBundle
> Task :app:produceReleaseBundleIdeListingFile
> Task :app:createReleaseBundleListingFileRedirect
> Task :app:bundleRelease

[Incubating] Problems report is available at: file:///Users/furkanbesirli/Projects/mobile/com-umingleapp-aab/builder/workspaces/69a6ad87cf683cfb621dc943/android/build/reports/problems/problems-report.html

Deprecated Gradle features were used in this build, making it incompatible with Gradle 9.0.

You can use '--warning-mode all' to show the individual deprecation warnings and determine if they come from your own scripts or plugins.

For more on this, please refer to https://docs.gradle.org/8.13/userguide/command_line_interface.html#sec:command_line_warnings in the Gradle documentation.

BUILD SUCCESSFUL in 2s
44 actionable tasks: 10 executed, 34 up-to-date
[2026-03-03T09:45:09.021Z] === STEP 5: Collecting artifacts ===
[2026-03-03T09:45:09.045Z] APK collected: apps/com.frkn.app/builds/69a6ad87cf683cfb621dc943/com.frkn.app(v1.0.0).apk
[2026-03-03T09:45:09.079Z] AAB collected: apps/com.frkn.app/builds/69a6ad87cf683cfb621dc943/com.frkn.app(v1.0.0).aab
[2026-03-03T09:45:09.079Z] === BUILD COMPLETE ===
